<?xml version="1.0" encoding="utf-8"?><testsuites name="pytest tests"><testsuite name="pytest" errors="0" failures="0" skipped="0" tests="6" time="1.276" timestamp="2026-05-27T04:08:27.787617+00:00" hostname="agent-env-8bb62c57-61d6-4cce-8c8e-25ab9cc6521e"><testcase classname="backend.tests.test_screena_grouping.TestGroupIdRoundTrip" name="test_save_groupid_persists" time="0.563" /><testcase classname="backend.tests.test_screena_grouping.TestGroupIdRoundTrip" name="test_ungroup_clears_groupid" time="0.156" /><testcase classname="backend.tests.test_screena_grouping.TestGroupIdRoundTrip" name="test_regroup_with_new_uuid" time="0.160" /><testcase classname="backend.tests.test_screena_grouping.TestGroupIdRoundTrip" name="test_backward_compat_no_groupid_field" time="0.102" /><testcase classname="backend.tests.test_screena_grouping.TestPptxRegression" name="test_pptx_endpoint_exists" time="0.123" /><testcase classname="backend.tests.test_screena_grouping.TestAssetsRegression" name="test_list_assets" time="0.105" /></testsuite></testsuites>