<?xml version="1.0" encoding="utf-8"?><testsuites name="pytest tests"><testsuite name="pytest" errors="0" failures="0" skipped="0" tests="35" time="8.120" timestamp="2026-05-27T04:08:37.381197+00:00" hostname="agent-env-8bb62c57-61d6-4cce-8c8e-25ab9cc6521e"><testcase classname="backend.tests.test_screena_api" name="test_health" time="0.193" /><testcase classname="backend.tests.test_screena_api.TestAuth" name="test_admin_login_sets_cookies" time="0.356" /><testcase classname="backend.tests.test_screena_api.TestAuth" name="test_me_returns_user" time="0.047" /><testcase classname="backend.tests.test_screena_api.TestAuth" name="test_register_new_user" time="0.400" /><testcase classname="backend.tests.test_screena_api.TestAuth" name="test_register_duplicate_email" time="0.124" /><testcase classname="backend.tests.test_screena_api.TestAuth" name="test_login_invalid_password" time="0.159" /><testcase classname="backend.tests.test_screena_api.TestAuth" name="test_me_unauthenticated" time="0.156" /><testcase classname="backend.tests.test_screena_api.TestAuth" name="test_logout_clears_cookie" time="0.441" /><testcase classname="backend.tests.test_screena_api.TestPlaylists" name="test_create_playlist_with_default_slide" time="0.047" /><testcase classname="backend.tests.test_screena_api.TestPlaylists" name="test_list_playlists" time="0.047" /><testcase classname="backend.tests.test_screena_api.TestPlaylists" name="test_get_playlist_full" time="0.048" /><testcase classname="backend.tests.test_screena_api.TestPlaylists" name="test_update_playlist_with_blocks" time="0.099" /><testcase classname="backend.tests.test_screena_api.TestPlaylists" name="test_owner_isolation" time="0.476" /><testcase classname="backend.tests.test_screena_api.TestPlaylists" name="test_delete_playlist" time="0.141" /><testcase classname="backend.tests.test_screena_api.TestScreensAndPlayer" name="test_create_screen_generates_paircode" time="0.050" /><testcase classname="backend.tests.test_screena_api.TestScreensAndPlayer" name="test_list_screens" time="0.047" /><testcase classname="backend.tests.test_screena_api.TestScreensAndPlayer" name="test_public_play_no_auth_unassigned" time="0.139" /><testcase classname="backend.tests.test_screena_api.TestScreensAndPlayer" name="test_assign_playlist" time="0.239" /><testcase classname="backend.tests.test_screena_api.TestScreensAndPlayer" name="test_play_unknown_code" time="0.098" /><testcase classname="backend.tests.test_screena_api.TestScreensAndPlayer" name="test_delete_screen" time="0.046" /><testcase classname="backend.tests.test_screena_api.TestPPTX" name="test_import_pptx_creates_playlist" time="0.182" /><testcase classname="backend.tests.test_screena_api.TestPPTX" name="test_import_rejects_non_pptx" time="0.046" /><testcase classname="backend.tests.test_screena_api.TestWeather" name="test_weather_london" time="1.244" /><testcase classname="backend.tests.test_screena_api.TestWeather" name="test_weather_unknown_location" time="0.633" /><testcase classname="backend.tests.test_screena_new_features.TestAssets" name="test_upload_png" time="0.416" /><testcase classname="backend.tests.test_screena_new_features.TestAssets" name="test_list_excludes_data_field" time="0.045" /><testcase classname="backend.tests.test_screena_new_features.TestAssets" name="test_get_single_includes_data" time="0.050" /><testcase classname="backend.tests.test_screena_new_features.TestAssets" name="test_unsupported_mime_rejected" time="0.046" /><testcase classname="backend.tests.test_screena_new_features.TestAssets" name="test_video_mp4_allowed" time="0.103" /><testcase classname="backend.tests.test_screena_new_features.TestAssets" name="test_too_large_rejected" time="0.360" /><testcase classname="backend.tests.test_screena_new_features.TestAssets" name="test_owner_isolation" time="0.421" /><testcase classname="backend.tests.test_screena_new_features.TestAssets" name="test_unauthenticated_blocked" time="0.103" /><testcase classname="backend.tests.test_screena_new_features.TestAssets" name="test_delete_asset" time="0.097" /><testcase classname="backend.tests.test_screena_new_features" name="test_ws_initial_sync_and_broadcasts" time="0.794" /><testcase classname="backend.tests.test_screena_new_features" name="test_ws_invalid_pair_code_closes" time="0.146" /></testsuite></testsuites>