<?xml version="1.0" encoding="utf-8"?><testsuites name="pytest tests"><testsuite name="pytest" errors="0" failures="0" skipped="0" tests="24" time="5.902" timestamp="2026-05-26T23:29:05.337563+00:00" hostname="agent-env-8bb62c57-61d6-4cce-8c8e-25ab9cc6521e"><testcase classname="backend.tests.test_screena_api" name="test_health" time="0.163" /><testcase classname="backend.tests.test_screena_api.TestAuth" name="test_admin_login_sets_cookies" time="0.373" /><testcase classname="backend.tests.test_screena_api.TestAuth" name="test_me_returns_user" time="0.056" /><testcase classname="backend.tests.test_screena_api.TestAuth" name="test_register_new_user" time="0.423" /><testcase classname="backend.tests.test_screena_api.TestAuth" name="test_register_duplicate_email" time="0.112" /><testcase classname="backend.tests.test_screena_api.TestAuth" name="test_login_invalid_password" time="0.150" /><testcase classname="backend.tests.test_screena_api.TestAuth" name="test_me_unauthenticated" time="0.109" /><testcase classname="backend.tests.test_screena_api.TestAuth" name="test_logout_clears_cookie" time="0.638" /><testcase classname="backend.tests.test_screena_api.TestPlaylists" name="test_create_playlist_with_default_slide" time="0.050" /><testcase classname="backend.tests.test_screena_api.TestPlaylists" name="test_list_playlists" time="0.053" /><testcase classname="backend.tests.test_screena_api.TestPlaylists" name="test_get_playlist_full" time="0.064" /><testcase classname="backend.tests.test_screena_api.TestPlaylists" name="test_update_playlist_with_blocks" time="0.106" /><testcase classname="backend.tests.test_screena_api.TestPlaylists" name="test_owner_isolation" time="0.507" /><testcase classname="backend.tests.test_screena_api.TestPlaylists" name="test_delete_playlist" time="0.155" /><testcase classname="backend.tests.test_screena_api.TestScreensAndPlayer" name="test_create_screen_generates_paircode" time="0.050" /><testcase classname="backend.tests.test_screena_api.TestScreensAndPlayer" name="test_list_screens" time="0.050" /><testcase classname="backend.tests.test_screena_api.TestScreensAndPlayer" name="test_public_play_no_auth_unassigned" time="0.138" /><testcase classname="backend.tests.test_screena_api.TestScreensAndPlayer" name="test_assign_playlist" time="0.228" /><testcase classname="backend.tests.test_screena_api.TestScreensAndPlayer" name="test_play_unknown_code" time="0.127" /><testcase classname="backend.tests.test_screena_api.TestScreensAndPlayer" name="test_delete_screen" time="0.051" /><testcase classname="backend.tests.test_screena_api.TestPPTX" name="test_import_pptx_creates_playlist" time="0.203" /><testcase classname="backend.tests.test_screena_api.TestPPTX" name="test_import_rejects_non_pptx" time="0.047" /><testcase classname="backend.tests.test_screena_api.TestWeather" name="test_weather_london" time="1.292" /><testcase classname="backend.tests.test_screena_api.TestWeather" name="test_weather_unknown_location" time="0.691" /></testsuite></testsuites>