<?xml version="1.0" encoding="utf-8"?><testsuites name="pytest tests"><testsuite name="pytest" errors="0" failures="0" skipped="0" tests="11" time="2.824" timestamp="2026-05-26T23:28:58.169642+00:00" hostname="agent-env-8bb62c57-61d6-4cce-8c8e-25ab9cc6521e"><testcase classname="backend.tests.test_screena_new_features.TestAssets" name="test_upload_png" time="0.418" /><testcase classname="backend.tests.test_screena_new_features.TestAssets" name="test_list_excludes_data_field" time="0.054" /><testcase classname="backend.tests.test_screena_new_features.TestAssets" name="test_get_single_includes_data" time="0.054" /><testcase classname="backend.tests.test_screena_new_features.TestAssets" name="test_unsupported_mime_rejected" time="0.057" /><testcase classname="backend.tests.test_screena_new_features.TestAssets" name="test_video_mp4_allowed" time="0.106" /><testcase classname="backend.tests.test_screena_new_features.TestAssets" name="test_too_large_rejected" time="0.384" /><testcase classname="backend.tests.test_screena_new_features.TestAssets" name="test_owner_isolation" time="0.482" /><testcase classname="backend.tests.test_screena_new_features.TestAssets" name="test_unauthenticated_blocked" time="0.117" /><testcase classname="backend.tests.test_screena_new_features.TestAssets" name="test_delete_asset" time="0.104" /><testcase classname="backend.tests.test_screena_new_features" name="test_ws_initial_sync_and_broadcasts" time="0.827" /><testcase classname="backend.tests.test_screena_new_features" name="test_ws_invalid_pair_code_closes" time="0.158" /></testsuite></testsuites>